<?xml version="1.0" encoding="UTF-8"?>
<!-- Generated by org.testng.reporters.JUnitReportReporter -->
<testsuite hostname="LAPTOP-VFKJ2SC9" failures="0" tests="1" name="Solo_Instructor.OnboardSettings" time="14.069" errors="0" timestamp="2023-11-14T00:22:47 IST" skipped="0">
  <testcase classname="Solo_Instructor.OnboardSettings" name="InstructorDetails" time="14.069"/>
  <system-out/>
</testsuite> <!-- Solo_Instructor.OnboardSettings -->
