<?xml version="1.0" encoding="UTF-8"?>
<!-- Generated by org.testng.reporters.JUnitReportReporter -->
<testsuite hostname="LAPTOP-VFKJ2SC9" failures="0" tests="1" name="Solo_Instructor.InstructorDetailsToCalendar" time="78.925" errors="0" timestamp="2023-09-28T15:19:55 IST" skipped="0">
  <testcase classname="Solo_Instructor.InstructorDetailsToCalendar" name="InstructorSettings" time="78.925"/>
  <system-out/>
</testsuite> <!-- Solo_Instructor.InstructorDetailsToCalendar -->
