<?xml version="1.0" encoding="UTF-8"?>
<!-- Generated by org.testng.reporters.JUnitReportReporter -->
<testsuite hostname="LAPTOP-VFKJ2SC9" failures="0" tests="1" name="Solo_Instructor.InstructorDetailsToCalendar" time="75.624" errors="0" timestamp="2023-10-02T18:25:16 IST" skipped="0">
  <testcase classname="Solo_Instructor.InstructorDetailsToCalendar" name="InstructorSettings" time="75.624"/>
  <system-out/>
</testsuite> <!-- Solo_Instructor.InstructorDetailsToCalendar -->
