<?xml version="1.0" encoding="UTF-8"?>
<!-- Generated by org.testng.reporters.JUnitReportReporter -->
<testsuite hostname="LAPTOP-VFKJ2SC9" failures="0" tests="1" name="SS_Solo.test" time="10.506" errors="0" timestamp="2023-07-22T14:49:44 IST" skipped="0">
  <testcase classname="SS_Solo.test" name="modifyBehaviourOfDefaultChrome" time="10.506"/>
  <system-out/>
</testsuite> <!-- SS_Solo.test -->
