<?xml version="1.0" encoding="UTF-8"?>
<!-- Generated by org.testng.reporters.JUnitReportReporter -->
<testsuite hostname="LAPTOP-VFKJ2SC9" failures="0" tests="1" name="tests.OnboardSettings" time="12.398" errors="0" timestamp="2023-11-23T21:43:03 IST" skipped="0">
  <testcase classname="tests.OnboardSettings" name="InstructorDetails" time="12.398"/>
  <system-out/>
</testsuite> <!-- tests.OnboardSettings -->
