<?xml version="1.0" encoding="UTF-8"?>
<!-- Generated by org.testng.reporters.JUnitReportReporter -->
<testsuite hostname="LAPTOP-VFKJ2SC9" failures="0" tests="1" name="Solo_Instructor.InstructorDetailsToCalendar" time="85.416" errors="0" timestamp="2023-10-03T02:09:54 IST" skipped="0">
  <testcase classname="Solo_Instructor.InstructorDetailsToCalendar" name="InstructorSettings" time="85.416"/>
  <system-out/>
</testsuite> <!-- Solo_Instructor.InstructorDetailsToCalendar -->
