<?xml version="1.0" encoding="UTF-8"?>
<!-- Generated by org.testng.reporters.JUnitReportReporter -->
<testsuite hostname="LAPTOP-VFKJ2SC9" failures="0" tests="1" name="Solo_Instructor.InstructorDetailsToCalendar" time="87.334" errors="0" timestamp="2023-09-28T02:34:05 IST" skipped="0">
  <testcase classname="Solo_Instructor.InstructorDetailsToCalendar" name="InstructorSettings" time="87.334"/>
  <system-out/>
</testsuite> <!-- Solo_Instructor.InstructorDetailsToCalendar -->
