<?xml version="1.0" encoding="UTF-8"?>
<!-- Generated by org.testng.reporters.JUnitReportReporter -->
<testsuite hostname="LAPTOP-VFKJ2SC9" failures="0" tests="1" name="Solo_Instructor.InstructorDetailsToCalendar" time="121.762" errors="0" timestamp="2023-09-22T15:12:02 IST" skipped="0">
  <testcase classname="Solo_Instructor.InstructorDetailsToCalendar" name="InstructorOnBoardingSettings" time="121.762"/>
  <system-out/>
</testsuite> <!-- Solo_Instructor.InstructorDetailsToCalendar -->
