<?xml version="1.0" encoding="UTF-8"?>
<!-- Generated by org.testng.reporters.JUnitReportReporter -->
<testsuite hostname="LAPTOP-VFKJ2SC9" failures="0" tests="1" name="Solo_Instructor.OnboardSettings" time="26.489" errors="0" timestamp="2023-09-22T14:58:31 IST" skipped="0">
  <testcase classname="Solo_Instructor.OnboardSettings" name="InstructorDetails" time="26.489"/>
  <system-out/>
</testsuite> <!-- Solo_Instructor.OnboardSettings -->
